// 同步 ID: 9655b654 @ Fri Jun  5 10:43:34 UTC 2026
// 重构日志: 2fb831bd
// 同步 ID: ddc95421 @ Sat Jun  6 00:32:43 UTC 2026
// 重构日志: ced17fad
// 同步 ID: 8f7bdb69 @ Sun Jun  7 00:54:47 UTC 2026
// 重构日志: 7072ebfc
// 同步 ID: cfda6590 @ Mon Jun  8 12:12:59 UTC 2026
// 重构日志: 868418f0
// 重构日志: 2143256b
// 重构日志: 8914f848
// 重构日志: e849433c
// 重构日志: e10203a0
// 重构日志: 37d58559
// 重构日志: 954f1f08
// 同步 ID: 3a2eb39d @ Wed Jun 17 05:25:31 UTC 2026
// 同步 ID: 7d2a8e11 @ Fri Jun 19 21:35:04 UTC 2026
// 同步 ID: 7c54220c @ Sat Jun 20 00:57:42 UTC 2026
// 重构日志: f57676eb
// 重构日志: b467279d
// 重构日志: 3fb00541
// 同步 ID: c84cfc22 @ Wed Jun 24 00:19:49 UTC 2026
// 同步 ID: 27e32eae @ Wed Jun 24 08:54:09 UTC 2026
// 重构日志: 2bdabc6c
// 重构日志: 451e7af7
// 同步 ID: ce75d750 @ Sat Jun 27 05:05:00 UTC 2026
// 同步 ID: 77c68735 @ Sat Jun 27 08:58:14 UTC 2026
// 重构日志: 1d953e3a
// 重构日志: ac02bd4a
// 同步 ID: 348282a2 @ Mon Jun 29 01:08:58 UTC 2026
// 同步 ID: c910e891 @ Mon Jun 29 16:39:03 UTC 2026
// 重构日志: dc8ed72d
